# Logfile created on 2013-12-29 14:25:52 +0100 by logger.rb/41954
I, [2013-12-29T14:25:52.782204 #27148]  INFO -- : 0:  rake (10.1.1) from /home/user/.rvm/gems/ruby-2.0.0-p353/specifications/rake-10.1.1.gemspec
I, [2013-12-29T14:25:52.783314 #27148]  INFO -- : 0:  RedCloth (4.2.9) from /home/user/.rvm/gems/ruby-2.0.0-p353/specifications/RedCloth-4.2.9.gemspec
I, [2013-12-29T14:25:52.784150 #27148]  INFO -- : 0:  chunky_png (1.2.9) from /home/user/.rvm/gems/ruby-2.0.0-p353/specifications/chunky_png-1.2.9.gemspec
I, [2013-12-29T14:25:52.784908 #27148]  INFO -- : 0:  fast-stemmer (1.0.2) from /home/user/.rvm/gems/ruby-2.0.0-p353/specifications/fast-stemmer-1.0.2.gemspec
I, [2013-12-29T14:25:52.786200 #27148]  INFO -- : 0:  classifier (1.3.3) from /home/user/.rvm/gems/ruby-2.0.0-p353/specifications/classifier-1.3.3.gemspec
I, [2013-12-29T14:25:52.787221 #27148]  INFO -- : 0:  fssm (0.2.10) from /home/user/.rvm/gems/ruby-2.0.0-p353/specifications/fssm-0.2.10.gemspec
I, [2013-12-29T14:25:52.788239 #27148]  INFO -- : 0:  sass (3.2.13) from /home/user/.rvm/gems/ruby-2.0.0-p353/specifications/sass-3.2.13.gemspec
I, [2013-12-29T14:25:52.789201 #27148]  INFO -- : 0:  compass (0.12.2) from /home/user/.rvm/gems/ruby-2.0.0-p353/specifications/compass-0.12.2.gemspec
I, [2013-12-29T14:25:52.790052 #27148]  INFO -- : 0:  directory_watcher (1.4.1) from /home/user/.rvm/gems/ruby-2.0.0-p353/specifications/directory_watcher-1.4.1.gemspec
I, [2013-12-29T14:25:52.790793 #27148]  INFO -- : 0:  haml (3.1.8) from /home/user/.rvm/gems/ruby-2.0.0-p353/specifications/haml-3.1.8.gemspec
I, [2013-12-29T14:25:52.791490 #27148]  INFO -- : 0:  kramdown (0.14.2) from /home/user/.rvm/gems/ruby-2.0.0-p353/specifications/kramdown-0.14.2.gemspec
I, [2013-12-29T14:25:52.792207 #27148]  INFO -- : 0:  liquid (2.3.0) from /home/user/.rvm/gems/ruby-2.0.0-p353/specifications/liquid-2.3.0.gemspec
I, [2013-12-29T14:25:52.792902 #27148]  INFO -- : 0:  maruku (0.7.0) from /home/user/.rvm/gems/ruby-2.0.0-p353/specifications/maruku-0.7.0.gemspec
I, [2013-12-29T14:25:52.793639 #27148]  INFO -- : 0:  posix-spawn (0.3.8) from /home/user/.rvm/gems/ruby-2.0.0-p353/specifications/posix-spawn-0.3.8.gemspec
I, [2013-12-29T14:25:52.794344 #27148]  INFO -- : 0:  yajl-ruby (1.1.0) from /home/user/.rvm/gems/ruby-2.0.0-p353/specifications/yajl-ruby-1.1.0.gemspec
I, [2013-12-29T14:25:52.795032 #27148]  INFO -- : 0:  pygments.rb (0.3.7) from /home/user/.rvm/gems/ruby-2.0.0-p353/specifications/pygments.rb-0.3.7.gemspec
I, [2013-12-29T14:25:52.795598 #27148]  INFO -- : 0:  jekyll (0.12.1) from /home/user/.rvm/gems/ruby-2.0.0-p353/specifications/jekyll-0.12.1.gemspec
I, [2013-12-29T14:25:52.796106 #27148]  INFO -- : 0:  rack (1.5.2) from /home/user/.rvm/gems/ruby-2.0.0-p353/specifications/rack-1.5.2.gemspec
I, [2013-12-29T14:25:52.796633 #27148]  INFO -- : 0:  rack-protection (1.5.1) from /home/user/.rvm/gems/ruby-2.0.0-p353/specifications/rack-protection-1.5.1.gemspec
I, [2013-12-29T14:25:52.797139 #27148]  INFO -- : 0:  rb-fsevent (0.9.3) from /home/user/.rvm/gems/ruby-2.0.0-p353/specifications/rb-fsevent-0.9.3.gemspec
I, [2013-12-29T14:25:52.797703 #27148]  INFO -- : 0:  rdiscount (2.0.7.3) from /home/user/.rvm/gems/ruby-2.0.0-p353/specifications/rdiscount-2.0.7.3.gemspec
I, [2013-12-29T14:25:52.798210 #27148]  INFO -- : 0:  rubypants (0.2.0) from /home/user/.rvm/gems/ruby-2.0.0-p353/specifications/rubypants-0.2.0.gemspec
I, [2013-12-29T14:25:52.798745 #27148]  INFO -- : 0:  sass-globbing (1.1.0) from /home/user/.rvm/gems/ruby-2.0.0-p353/specifications/sass-globbing-1.1.0.gemspec
I, [2013-12-29T14:25:52.799300 #27148]  INFO -- : 0:  tilt (1.4.1) from /home/user/.rvm/gems/ruby-2.0.0-p353/specifications/tilt-1.4.1.gemspec
I, [2013-12-29T14:25:52.799995 #27148]  INFO -- : 0:  sinatra (1.4.4) from /home/user/.rvm/gems/ruby-2.0.0-p353/specifications/sinatra-1.4.4.gemspec
I, [2013-12-29T14:25:52.800599 #27148]  INFO -- : 0:  stringex (1.4.0) from /home/user/.rvm/gems/ruby-2.0.0-p353/specifications/stringex-1.4.0.gemspec
I, [2013-12-29T14:25:52.801146 #27148]  INFO -- : 0:  bundler (1.5.1) from /home/user/.rvm/gems/ruby-2.0.0-p353/specifications/bundler-1.5.1.gemspec
I, [2013-12-30T15:39:50.630121 #31120]  INFO -- : 0:  rake (10.1.1) from /home/user/.rvm/gems/ruby-2.1.0/specifications/rake-10.1.1.gemspec
I, [2013-12-30T15:39:57.173406 #31120]  INFO -- : 0:  RedCloth (4.2.9) from /home/user/.rvm/gems/ruby-2.1.0/specifications/RedCloth-4.2.9.gemspec
I, [2013-12-30T15:39:59.422520 #31120]  INFO -- : 0:  chunky_png (1.2.9) from /home/user/.rvm/gems/ruby-2.1.0/specifications/chunky_png-1.2.9.gemspec
I, [2013-12-30T15:40:02.007480 #31120]  INFO -- : 0:  fast-stemmer (1.0.2) from /home/user/.rvm/gems/ruby-2.1.0/specifications/fast-stemmer-1.0.2.gemspec
I, [2013-12-30T15:40:03.578877 #31120]  INFO -- : 0:  classifier (1.3.3) from /home/user/.rvm/gems/ruby-2.1.0/specifications/classifier-1.3.3.gemspec
I, [2013-12-30T15:40:05.236138 #31120]  INFO -- : 0:  fssm (0.2.10) from /home/user/.rvm/gems/ruby-2.1.0/specifications/fssm-0.2.10.gemspec
I, [2013-12-30T15:40:05.237172 #31120]  INFO -- : 0:  sass (3.2.13) from /home/user/.rvm/gems/ruby-2.1.0/specifications/sass-3.2.13.gemspec
I, [2013-12-30T15:40:08.834840 #31120]  INFO -- : 0:  compass (0.12.2) from /home/user/.rvm/gems/ruby-2.1.0/specifications/compass-0.12.2.gemspec
I, [2013-12-30T15:40:10.396811 #31120]  INFO -- : 0:  directory_watcher (1.4.1) from /home/user/.rvm/gems/ruby-2.1.0/specifications/directory_watcher-1.4.1.gemspec
I, [2013-12-30T15:40:13.925322 #31120]  INFO -- : 0:  haml (3.1.8) from /home/user/.rvm/gems/ruby-2.1.0/specifications/haml-3.1.8.gemspec
I, [2013-12-30T15:40:19.062740 #31120]  INFO -- : 0:  kramdown (0.14.2) from /home/user/.rvm/gems/ruby-2.1.0/specifications/kramdown-0.14.2.gemspec
I, [2013-12-30T15:40:22.497316 #31120]  INFO -- : 0:  liquid (2.3.0) from /home/user/.rvm/gems/ruby-2.1.0/specifications/liquid-2.3.0.gemspec
I, [2013-12-30T15:40:24.391970 #31120]  INFO -- : 0:  maruku (0.7.0) from /home/user/.rvm/gems/ruby-2.1.0/specifications/maruku-0.7.0.gemspec
I, [2013-12-30T15:40:26.789114 #31120]  INFO -- : 0:  posix-spawn (0.3.8) from /home/user/.rvm/gems/ruby-2.1.0/specifications/posix-spawn-0.3.8.gemspec
I, [2013-12-30T15:40:32.013608 #31120]  INFO -- : 0:  yajl-ruby (1.1.0) from /home/user/.rvm/gems/ruby-2.1.0/specifications/yajl-ruby-1.1.0.gemspec
I, [2013-12-30T15:40:35.694592 #31120]  INFO -- : 0:  pygments.rb (0.3.7) from /home/user/.rvm/gems/ruby-2.1.0/specifications/pygments.rb-0.3.7.gemspec
I, [2013-12-30T15:40:37.432816 #31120]  INFO -- : 0:  jekyll (0.12.1) from /home/user/.rvm/gems/ruby-2.1.0/specifications/jekyll-0.12.1.gemspec
I, [2013-12-30T15:40:37.434392 #31120]  INFO -- : 0:  rack (1.5.2) from /home/user/.rvm/gems/ruby-2.1.0/specifications/rack-1.5.2.gemspec
I, [2013-12-30T15:40:37.435609 #31120]  INFO -- : 0:  rack-protection (1.5.1) from /home/user/.rvm/gems/ruby-2.1.0/specifications/rack-protection-1.5.1.gemspec
I, [2013-12-30T15:40:39.213369 #31120]  INFO -- : 0:  rb-fsevent (0.9.4) from /home/user/.rvm/gems/ruby-2.1.0/specifications/rb-fsevent-0.9.4.gemspec
I, [2013-12-30T15:40:47.664955 #31120]  INFO -- : 0:  rdiscount (2.0.7.3) from /home/user/.rvm/gems/ruby-2.1.0/specifications/rdiscount-2.0.7.3.gemspec
I, [2013-12-30T15:40:49.167112 #31120]  INFO -- : 0:  rubypants (0.2.0) from /home/user/.rvm/gems/ruby-2.1.0/specifications/rubypants-0.2.0.gemspec
I, [2013-12-30T15:40:50.651065 #31120]  INFO -- : 0:  sass-globbing (1.1.0) from /home/user/.rvm/gems/ruby-2.1.0/specifications/sass-globbing-1.1.0.gemspec
I, [2013-12-30T15:40:50.652690 #31120]  INFO -- : 0:  tilt (1.4.1) from /home/user/.rvm/gems/ruby-2.1.0/specifications/tilt-1.4.1.gemspec
I, [2013-12-30T15:40:50.653931 #31120]  INFO -- : 0:  sinatra (1.4.4) from /home/user/.rvm/gems/ruby-2.1.0/specifications/sinatra-1.4.4.gemspec
I, [2013-12-30T15:40:52.515215 #31120]  INFO -- : 0:  stringex (1.4.0) from /home/user/.rvm/gems/ruby-2.1.0/specifications/stringex-1.4.0.gemspec
I, [2013-12-30T15:40:52.516948 #31120]  INFO -- : 0:  bundler (1.5.1) from /home/user/.rvm/gems/ruby-2.1.0/specifications/bundler-1.5.1.gemspec
I, [2013-12-30T15:42:26.476268 #31778]  INFO -- : 0:  rake (10.1.1) from /home/user/.rvm/gems/ruby-1.9.3-p484/specifications/rake-10.1.1.gemspec
I, [2013-12-30T15:42:26.490709 #31778]  INFO -- : 0:  RedCloth (4.2.9) from /home/user/.rvm/gems/ruby-1.9.3-p484/specifications/RedCloth-4.2.9.gemspec
I, [2013-12-30T15:42:26.491735 #31778]  INFO -- : 0:  chunky_png (1.2.9) from /home/user/.rvm/gems/ruby-1.9.3-p484/specifications/chunky_png-1.2.9.gemspec
I, [2013-12-30T15:42:26.492671 #31778]  INFO -- : 0:  fast-stemmer (1.0.2) from /home/user/.rvm/gems/ruby-1.9.3-p484/specifications/fast-stemmer-1.0.2.gemspec
I, [2013-12-30T15:42:26.493578 #31778]  INFO -- : 0:  classifier (1.3.3) from /home/user/.rvm/gems/ruby-1.9.3-p484/specifications/classifier-1.3.3.gemspec
I, [2013-12-30T15:42:26.494376 #31778]  INFO -- : 0:  fssm (0.2.10) from /home/user/.rvm/gems/ruby-1.9.3-p484/specifications/fssm-0.2.10.gemspec
I, [2013-12-30T15:42:26.495190 #31778]  INFO -- : 0:  sass (3.2.13) from /home/user/.rvm/gems/ruby-1.9.3-p484/specifications/sass-3.2.13.gemspec
I, [2013-12-30T15:42:26.495968 #31778]  INFO -- : 0:  compass (0.12.2) from /home/user/.rvm/gems/ruby-1.9.3-p484/specifications/compass-0.12.2.gemspec
I, [2013-12-30T15:42:28.155004 #31778]  INFO -- : 0:  directory_watcher (1.4.1) from /home/user/.rvm/gems/ruby-1.9.3-p484/specifications/directory_watcher-1.4.1.gemspec
I, [2013-12-30T15:42:30.871705 #31778]  INFO -- : 0:  haml (3.1.8) from /home/user/.rvm/gems/ruby-1.9.3-p484/specifications/haml-3.1.8.gemspec
I, [2013-12-30T15:42:30.873591 #31778]  INFO -- : 0:  kramdown (0.14.2) from /home/user/.rvm/gems/ruby-1.9.3-p484/specifications/kramdown-0.14.2.gemspec
I, [2013-12-30T15:42:32.600632 #31778]  INFO -- : 0:  liquid (2.3.0) from /home/user/.rvm/gems/ruby-1.9.3-p484/specifications/liquid-2.3.0.gemspec
I, [2013-12-30T15:42:32.602646 #31778]  INFO -- : 0:  maruku (0.7.0) from /home/user/.rvm/gems/ruby-1.9.3-p484/specifications/maruku-0.7.0.gemspec
I, [2013-12-30T15:42:32.604167 #31778]  INFO -- : 0:  posix-spawn (0.3.8) from /home/user/.rvm/gems/ruby-1.9.3-p484/specifications/posix-spawn-0.3.8.gemspec
I, [2013-12-30T15:42:32.605642 #31778]  INFO -- : 0:  yajl-ruby (1.1.0) from /home/user/.rvm/gems/ruby-1.9.3-p484/specifications/yajl-ruby-1.1.0.gemspec
I, [2013-12-30T15:42:36.668476 #31778]  INFO -- : 0:  pygments.rb (0.3.7) from /home/user/.rvm/gems/ruby-1.9.3-p484/specifications/pygments.rb-0.3.7.gemspec
I, [2013-12-30T15:42:38.540469 #31778]  INFO -- : 0:  jekyll (0.12.1) from /home/user/.rvm/gems/ruby-1.9.3-p484/specifications/jekyll-0.12.1.gemspec
I, [2013-12-30T15:42:38.543236 #31778]  INFO -- : 0:  rack (1.5.2) from /home/user/.rvm/gems/ruby-1.9.3-p484/specifications/rack-1.5.2.gemspec
I, [2013-12-30T15:42:38.545964 #31778]  INFO -- : 0:  rack-protection (1.5.1) from /home/user/.rvm/gems/ruby-1.9.3-p484/specifications/rack-protection-1.5.1.gemspec
I, [2013-12-30T15:42:40.404456 #31778]  INFO -- : 0:  rb-fsevent (0.9.4) from /home/user/.rvm/gems/ruby-1.9.3-p484/specifications/rb-fsevent-0.9.4.gemspec
I, [2013-12-30T15:42:48.073580 #31778]  INFO -- : 0:  rdiscount (2.0.7.3) from /home/user/.rvm/gems/ruby-1.9.3-p484/specifications/rdiscount-2.0.7.3.gemspec
I, [2013-12-30T15:42:48.074875 #31778]  INFO -- : 0:  rubypants (0.2.0) from /home/user/.rvm/gems/ruby-1.9.3-p484/specifications/rubypants-0.2.0.gemspec
I, [2013-12-30T15:42:48.075770 #31778]  INFO -- : 0:  sass-globbing (1.1.0) from /home/user/.rvm/gems/ruby-1.9.3-p484/specifications/sass-globbing-1.1.0.gemspec
I, [2013-12-30T15:42:48.076696 #31778]  INFO -- : 0:  tilt (1.4.1) from /home/user/.rvm/gems/ruby-1.9.3-p484/specifications/tilt-1.4.1.gemspec
I, [2013-12-30T15:42:48.077602 #31778]  INFO -- : 0:  sinatra (1.4.4) from /home/user/.rvm/gems/ruby-1.9.3-p484/specifications/sinatra-1.4.4.gemspec
I, [2013-12-30T15:42:50.133412 #31778]  INFO -- : 0:  stringex (1.4.0) from /home/user/.rvm/gems/ruby-1.9.3-p484/specifications/stringex-1.4.0.gemspec
I, [2013-12-30T15:42:50.134568 #31778]  INFO -- : 0:  bundler (1.5.0) from /home/user/.rvm/gems/ruby-1.9.3-p484/specifications/bundler-1.5.0.gemspec
I, [2014-01-01T01:17:15.596767 #7090]  INFO -- : 0:  rake (10.1.1) from /home/user/.rvm/gems/ruby-1.9.3-p484/specifications/rake-10.1.1.gemspec
I, [2014-01-01T01:17:15.598033 #7090]  INFO -- : 0:  RedCloth (4.2.9) from /home/user/.rvm/gems/ruby-1.9.3-p484/specifications/RedCloth-4.2.9.gemspec
I, [2014-01-01T01:17:15.598980 #7090]  INFO -- : 0:  chunky_png (1.2.9) from /home/user/.rvm/gems/ruby-1.9.3-p484/specifications/chunky_png-1.2.9.gemspec
I, [2014-01-01T01:17:15.599796 #7090]  INFO -- : 0:  fast-stemmer (1.0.2) from /home/user/.rvm/gems/ruby-1.9.3-p484/specifications/fast-stemmer-1.0.2.gemspec
I, [2014-01-01T01:17:15.600656 #7090]  INFO -- : 0:  classifier (1.3.4) from /home/user/.rvm/gems/ruby-1.9.3-p484/specifications/classifier-1.3.4.gemspec
I, [2014-01-01T01:17:15.601515 #7090]  INFO -- : 0:  fssm (0.2.10) from /home/user/.rvm/gems/ruby-1.9.3-p484/specifications/fssm-0.2.10.gemspec
I, [2014-01-01T01:17:15.602365 #7090]  INFO -- : 0:  sass (3.2.13) from /home/user/.rvm/gems/ruby-1.9.3-p484/specifications/sass-3.2.13.gemspec
I, [2014-01-01T01:17:15.603199 #7090]  INFO -- : 0:  compass (0.12.2) from /home/user/.rvm/gems/ruby-1.9.3-p484/specifications/compass-0.12.2.gemspec
I, [2014-01-01T01:17:15.604048 #7090]  INFO -- : 0:  directory_watcher (1.4.1) from /home/user/.rvm/gems/ruby-1.9.3-p484/specifications/directory_watcher-1.4.1.gemspec
I, [2014-01-01T01:17:15.604924 #7090]  INFO -- : 0:  haml (3.1.8) from /home/user/.rvm/gems/ruby-1.9.3-p484/specifications/haml-3.1.8.gemspec
I, [2014-01-01T01:17:15.605780 #7090]  INFO -- : 0:  kramdown (0.14.2) from /home/user/.rvm/gems/ruby-1.9.3-p484/specifications/kramdown-0.14.2.gemspec
I, [2014-01-01T01:17:15.606587 #7090]  INFO -- : 0:  liquid (2.3.0) from /home/user/.rvm/gems/ruby-1.9.3-p484/specifications/liquid-2.3.0.gemspec
I, [2014-01-01T01:17:15.607427 #7090]  INFO -- : 0:  maruku (0.7.0) from /home/user/.rvm/gems/ruby-1.9.3-p484/specifications/maruku-0.7.0.gemspec
I, [2014-01-01T01:17:15.608280 #7090]  INFO -- : 0:  posix-spawn (0.3.8) from /home/user/.rvm/gems/ruby-1.9.3-p484/specifications/posix-spawn-0.3.8.gemspec
I, [2014-01-01T01:17:15.609243 #7090]  INFO -- : 0:  yajl-ruby (1.1.0) from /home/user/.rvm/gems/ruby-1.9.3-p484/specifications/yajl-ruby-1.1.0.gemspec
I, [2014-01-01T01:17:15.610107 #7090]  INFO -- : 0:  pygments.rb (0.3.7) from /home/user/.rvm/gems/ruby-1.9.3-p484/specifications/pygments.rb-0.3.7.gemspec
I, [2014-01-01T01:17:15.613018 #7090]  INFO -- : 0:  jekyll (0.12.1) from /home/user/.rvm/gems/ruby-1.9.3-p484/specifications/jekyll-0.12.1.gemspec
I, [2014-01-01T01:17:15.614047 #7090]  INFO -- : 0:  rack (1.5.2) from /home/user/.rvm/gems/ruby-1.9.3-p484/specifications/rack-1.5.2.gemspec
I, [2014-01-01T01:17:15.614989 #7090]  INFO -- : 0:  rack-protection (1.5.1) from /home/user/.rvm/gems/ruby-1.9.3-p484/specifications/rack-protection-1.5.1.gemspec
I, [2014-01-01T01:17:15.616009 #7090]  INFO -- : 0:  rb-fsevent (0.9.4) from /home/user/.rvm/gems/ruby-1.9.3-p484/specifications/rb-fsevent-0.9.4.gemspec
I, [2014-01-01T01:17:15.617700 #7090]  INFO -- : 0:  rdiscount (2.0.7.3) from /home/user/.rvm/gems/ruby-1.9.3-p484/specifications/rdiscount-2.0.7.3.gemspec
I, [2014-01-01T01:17:15.618594 #7090]  INFO -- : 0:  rubypants (0.2.0) from /home/user/.rvm/gems/ruby-1.9.3-p484/specifications/rubypants-0.2.0.gemspec
I, [2014-01-01T01:17:15.619424 #7090]  INFO -- : 0:  sass-globbing (1.1.0) from /home/user/.rvm/gems/ruby-1.9.3-p484/specifications/sass-globbing-1.1.0.gemspec
I, [2014-01-01T01:17:15.620280 #7090]  INFO -- : 0:  tilt (1.4.1) from /home/user/.rvm/gems/ruby-1.9.3-p484/specifications/tilt-1.4.1.gemspec
I, [2014-01-01T01:17:15.621178 #7090]  INFO -- : 0:  sinatra (1.4.4) from /home/user/.rvm/gems/ruby-1.9.3-p484/specifications/sinatra-1.4.4.gemspec
I, [2014-01-01T01:17:15.622024 #7090]  INFO -- : 0:  stringex (1.4.0) from /home/user/.rvm/gems/ruby-1.9.3-p484/specifications/stringex-1.4.0.gemspec
I, [2014-01-01T01:17:15.622805 #7090]  INFO -- : 0:  bundler (1.5.1) from /home/user/.rvm/gems/ruby-1.9.3-p484/specifications/bundler-1.5.1.gemspec
